Построение начато 14.06.2016 13:19:24.
     1>Проект "C:\Users\Home\Desktop\ГОСЫ\программы и проекты\Вычислительные системы и параллельная обработка данных\sum_c++\sum_c++\sum_c++.vcxproj" в узле 2 (целевые объекты build).
     1>InitializeBuildStatus:
         Создание "Debug\sum_c++.unsuccessfulbuild", так как было задано "AlwaysCreate".
       ClCompile:
         Для всех выходных данных обновления не требуется.
         D:\Visual Studio 2010\VC\bin\CL.exe /c /ZI /nologo /W3 /WX- /Od /Oy- /D WIN32 /D _DEBUG /D _CONSOLE /D _UNICODE /D UNICODE /Gm /EHsc /RTC1 /MDd /GS /fp:precise /Zc:wchar_t /Zc:forScope /Yu"StdAfx.h" /Fp"Debug\sum_c++.pch" /Fo"Debug\\" /Fd"Debug\vc100.pdb" /Gd /TP /analyze- /errorReport:prompt sum_c++.cpp
         sum_c++.cpp
       ManifestResourceCompile:
         Для всех выходных данных обновления не требуется.
       Link:
         D:\Visual Studio 2010\VC\bin\link.exe /ERRORREPORT:PROMPT /OUT:"C:\Users\Home\Desktop\ГОСЫ\программы и проекты\Вычислительные системы и параллельная обработка данных\sum_c++\Debug\sum_c++.exe" /INCREMENTAL /NOLOGO kernel32.lib user32.lib gdi32.lib winspool.lib comdlg32.lib advapi32.lib shell32.lib ole32.lib oleaut32.lib uuid.lib odbc32.lib odbccp32.lib /MANIFEST /ManifestFile:"Debug\sum_c++.exe.intermediate.manifest" /MANIFESTUAC:"level='asInvoker' uiAccess='false'" /DEBUG /PDB:"C:\Users\Home\Desktop\ГОСЫ\программы и проекты\Вычислительные системы и параллельная обработка данных\sum_c++\Debug\sum_c++.pdb" /SUBSYSTEM:CONSOLE /TLBID:1 /DYNAMICBASE /NXCOMPAT /IMPLIB:"C:\Users\Home\Desktop\ГОСЫ\программы и проекты\Вычислительные системы и параллельная обработка данных\sum_c++\Debug\sum_c++.lib" /MACHINE:X86 Debug\sum_c++.exe.embed.manifest.res
         Debug\stdafx.obj
         Debug\sum_c++.obj
       Manifest:
         C:\Program Files (x86)\Microsoft SDKs\Windows\v7.0A\bin\mt.exe /nologo /verbose /out:"Debug\sum_c++.exe.embed.manifest" /manifest Debug\sum_c++.exe.intermediate.manifest
         Для всех выходных данных обновления не требуется.
       LinkEmbedManifest:
         Для всех выходных данных обновления не требуется.
         sum_c++.vcxproj -> C:\Users\Home\Desktop\ГОСЫ\программы и проекты\Вычислительные системы и параллельная обработка данных\sum_c++\Debug\sum_c++.exe
       FinalizeBuildStatus:
         Файл "Debug\sum_c++.unsuccessfulbuild" удаляется.
         Обращение к "Debug\sum_c++.lastbuildstate".
     1>Построение проекта "C:\Users\Home\Desktop\ГОСЫ\программы и проекты\Вычислительные системы и параллельная обработка данных\sum_c++\sum_c++\sum_c++.vcxproj" завершено (целевые объекты build).

Построение успешно завершено.

Затраченное время: 00:00:01.60
